components
components/schemas
components/schemas/Error
components/schemas/Error/properties
components/schemas/Error/properties/code
components/schemas/Error/properties/code/format
components/schemas/Error/properties/code/type
components/schemas/Error/properties/message
components/schemas/Error/properties/message/type
components/schemas/Error/required
components/schemas/Error/required/[]
components/schemas/Pet
components/schemas/Pet/properties
components/schemas/Pet/properties/id
components/schemas/Pet/properties/id/format
components/schemas/Pet/properties/id/type
components/schemas/Pet/properties/name
components/schemas/Pet/properties/name/type
components/schemas/Pet/properties/tag
components/schemas/Pet/properties/tag/type
components/schemas/Pet/required
components/schemas/Pet/required/[]
components/schemas/Pets
components/schemas/Pets/items
components/schemas/Pets/items/$ref
components/schemas/Pets/type
info
info/license
info/license/name
info/title
info/version
openapi
paths
paths//pets
paths//pets/get
paths//pets/get/operationId
paths//pets/get/parameters
paths//pets/get/parameters/[]
paths//pets/get/parameters/[]/description
paths//pets/get/parameters/[]/in
paths//pets/get/parameters/[]/name
paths//pets/get/parameters/[]/required
paths//pets/get/parameters/[]/schema
paths//pets/get/parameters/[]/schema/format
paths//pets/get/parameters/[]/schema/type
paths//pets/get/responses
paths//pets/get/responses/200
paths//pets/get/responses/200/content
paths//pets/get/responses/200/content/application/json
paths//pets/get/responses/200/content/application/json/schema
paths//pets/get/responses/200/content/application/json/schema/$ref
paths//pets/get/responses/200/description
paths//pets/get/responses/200/headers
paths//pets/get/responses/200/headers/x-next
paths//pets/get/responses/200/headers/x-next/description
paths//pets/get/responses/200/headers/x-next/schema
paths//pets/get/responses/200/headers/x-next/schema/type
paths//pets/get/responses/default
paths//pets/get/responses/default/content
paths//pets/get/responses/default/content/application/json
paths//pets/get/responses/default/content/application/json/schema
paths//pets/get/responses/default/content/application/json/schema/$ref
paths//pets/get/responses/default/description
paths//pets/get/summary
paths//pets/get/tags
paths//pets/get/tags/[]
paths//pets/post
paths//pets/post/operationId
paths//pets/post/responses
paths//pets/post/responses/201
paths//pets/post/responses/201/description
paths//pets/post/responses/default
paths//pets/post/responses/default/content
paths//pets/post/responses/default/content/application/json
paths//pets/post/responses/default/content/application/json/schema
paths//pets/post/responses/default/content/application/json/schema/$ref
paths//pets/post/responses/default/description
paths//pets/post/summary
paths//pets/post/tags
paths//pets/post/tags/[]
paths//pets/{petId}
paths//pets/{petId}/get
paths//pets/{petId}/get/operationId
paths//pets/{petId}/get/parameters
paths//pets/{petId}/get/parameters/[]
paths//pets/{petId}/get/parameters/[]/description
paths//pets/{petId}/get/parameters/[]/in
paths//pets/{petId}/get/parameters/[]/name
paths//pets/{petId}/get/parameters/[]/required
paths//pets/{petId}/get/parameters/[]/schema
paths//pets/{petId}/get/parameters/[]/schema/type
paths//pets/{petId}/get/responses
paths//pets/{petId}/get/responses/200
paths//pets/{petId}/get/responses/200/content
paths//pets/{petId}/get/responses/200/content/application/json
paths//pets/{petId}/get/responses/200/content/application/json/schema
paths//pets/{petId}/get/responses/200/content/application/json/schema/$ref
paths//pets/{petId}/get/responses/200/description
paths//pets/{petId}/get/responses/default
paths//pets/{petId}/get/responses/default/content
paths//pets/{petId}/get/responses/default/content/application/json
paths//pets/{petId}/get/responses/default/content/application/json/schema
paths//pets/{petId}/get/responses/default/content/application/json/schema/$ref
paths//pets/{petId}/get/responses/default/description
paths//pets/{petId}/get/summary
paths//pets/{petId}/get/tags
paths//pets/{petId}/get/tags/[]
servers
servers/[]
servers/[]/url
